The Actual Mobile App/MySQLImagesUploaderListView/app/build/intermediates/manifest_merge_blame_file/debug/manifest-merger-blame-debug-report.txt
1<?xml version="1.0" encoding="utf-8"?>
2<manifest xmlns:android="http://schemas.android.com/apk/res/android"
3    package="com.example.mysqlimagesuploaderlistview"
4    android:versionCode="1"
5    android:versionName="1.0" >
6
7    <uses-sdk
8        android:minSdkVersion="21"
8-->src/main/AndroidManifest.xml
9        android:targetSdkVersion="31" />
9-->src/main/AndroidManifest.xml
10
11    <uses-permission android:name="android.permission.READ_EXTERNAL_STORAGE" />
11-->src/main/AndroidManifest.xml:5:5-80
11-->src/main/AndroidManifest.xml:5:22-77
12    <uses-permission android:name="android.permission.MANAGE_EXTERNAL_STORAGE" />
12-->src/main/AndroidManifest.xml:6:5-82
12-->src/main/AndroidManifest.xml:6:22-79
13    <uses-permission android:name="android.permission.INTERNET" />
13-->src/main/AndroidManifest.xml:7:5-67
13-->src/main/AndroidManifest.xml:7:22-64
14    <uses-permission android:name="android.permission.CAMERA" />
14-->src/main/AndroidManifest.xml:8:5-65
14-->src/main/AndroidManifest.xml:8:22-62
15    <uses-permission android:name="android.permission.WRITE_EXTERNAL_STORAGE" />
15-->src/main/AndroidManifest.xml:9:5-81
15-->src/main/AndroidManifest.xml:9:22-78
16
17    <application
17-->src/main/AndroidManifest.xml:11:5-54:19
18        android:allowBackup="false"
18-->src/main/AndroidManifest.xml:12:9-36
19        android:appComponentFactory="androidx.core.app.CoreComponentFactory"
19-->[androidx.core:core:1.5.0] AndroidManifest.xml:24:18-86
20        android:debuggable="true"
21        android:icon="@mipmap/ic_launcher_round"
21-->src/main/AndroidManifest.xml:13:9-49
22        android:label="@string/app_name"
22-->src/main/AndroidManifest.xml:14:9-41
23        android:roundIcon="@mipmap/ic_launcher_round"
23-->src/main/AndroidManifest.xml:15:9-54
24        android:supportsRtl="true"
24-->src/main/AndroidManifest.xml:16:9-35
25        android:testOnly="true"
26        android:theme="@style/Theme.MySQLImagesUploaderListView" >
26-->src/main/AndroidManifest.xml:17:9-65
27        <activity
27-->src/main/AndroidManifest.xml:18:9-20:39
28            android:name="com.example.mysqlimagesuploaderlistview.ClientLoginActivity"
28-->src/main/AndroidManifest.xml:19:13-48
29            android:exported="true" />
29-->src/main/AndroidManifest.xml:20:13-36
30        <activity
30-->src/main/AndroidManifest.xml:21:9-23:39
31            android:name="com.example.mysqlimagesuploaderlistview.ClientRegisterActivity"
31-->src/main/AndroidManifest.xml:22:13-51
32            android:exported="true" />
32-->src/main/AndroidManifest.xml:23:13-36
33        <activity
33-->src/main/AndroidManifest.xml:24:9-26:39
34            android:name="com.example.mysqlimagesuploaderlistview.NavigationActivity"
34-->src/main/AndroidManifest.xml:25:13-47
35            android:exported="true" />
35-->src/main/AndroidManifest.xml:26:13-36
36        <activity
36-->src/main/AndroidManifest.xml:27:9-29:39
37            android:name="com.example.mysqlimagesuploaderlistview.ImageCaptureActivity"
37-->src/main/AndroidManifest.xml:28:13-49
38            android:exported="true" />
38-->src/main/AndroidManifest.xml:29:13-36
39        <activity
39-->src/main/AndroidManifest.xml:30:9-32:39
40            android:name="com.example.mysqlimagesuploaderlistview.ImageSliderMainActivity"
40-->src/main/AndroidManifest.xml:31:13-52
41            android:exported="true" />
41-->src/main/AndroidManifest.xml:32:13-36
42        <activity
42-->src/main/AndroidManifest.xml:33:9-35:39
43            android:name="com.example.mysqlimagesuploaderlistview.ItemsActivity"
43-->src/main/AndroidManifest.xml:34:13-42
44            android:exported="true" />
44-->src/main/AndroidManifest.xml:35:13-36
45        <activity
45-->src/main/AndroidManifest.xml:36:9-38:39
46            android:name="com.example.mysqlimagesuploaderlistview.LoginActivity"
46-->src/main/AndroidManifest.xml:37:13-42
47            android:exported="true" />
47-->src/main/AndroidManifest.xml:38:13-36
48        <activity
48-->src/main/AndroidManifest.xml:39:9-41:39
49            android:name="com.example.mysqlimagesuploaderlistview.RegisterActivity"
49-->src/main/AndroidManifest.xml:40:13-45
50            android:exported="true" />
50-->src/main/AndroidManifest.xml:41:13-36
51        <activity
51-->src/main/AndroidManifest.xml:42:9-44:39
52            android:name="com.example.mysqlimagesuploaderlistview.MainActivity"
52-->src/main/AndroidManifest.xml:43:13-41
53            android:exported="true" />
53-->src/main/AndroidManifest.xml:44:13-36
54        <activity
54-->src/main/AndroidManifest.xml:45:9-53:20
55            android:name="com.example.mysqlimagesuploaderlistview.SplashActivity"
55-->src/main/AndroidManifest.xml:46:13-43
56            android:exported="true" >
56-->src/main/AndroidManifest.xml:47:13-36
57            <intent-filter>
57-->src/main/AndroidManifest.xml:48:13-52:29
58                <action android:name="android.intent.action.MAIN" />
58-->src/main/AndroidManifest.xml:49:17-69
58-->src/main/AndroidManifest.xml:49:25-66
59
60                <category android:name="android.intent.category.LAUNCHER" />
60-->src/main/AndroidManifest.xml:51:17-77
60-->src/main/AndroidManifest.xml:51:27-74
61            </intent-filter>
62        </activity>
63
64        <provider
64-->[com.squareup.picasso:picasso:2.71828] AndroidManifest.xml:8:9-11:40
65            android:name="com.squareup.picasso.PicassoProvider"
65-->[com.squareup.picasso:picasso:2.71828] AndroidManifest.xml:9:13-64
66            android:authorities="com.example.mysqlimagesuploaderlistview.com.squareup.picasso"
66-->[com.squareup.picasso:picasso:2.71828] AndroidManifest.xml:10:13-72
67            android:exported="false" />
67-->[com.squareup.picasso:picasso:2.71828] AndroidManifest.xml:11:13-37
68    </application>
69
70</manifest>